{
  "RSpec": {
    "coverage": {
      "/home/lucas/Projetos/soat-fase-04/soat4-order-service/app/helpers/application_helper.rb": {
        "lines": [
          1,
          null
        ]
      },
      "/home/lucas/Projetos/soat-fase-04/soat4-order-service/app/domain/cart/cart_item.rb": {
        "lines": [
          1,
          1,
          null,
          1,
          30,
          30,
          30,
          30,
          30,
          30,
          null,
          null,
          1,
          3,
          null,
          null,
          1,
          null,
          1,
          null,
          null,
          null,
          null,
          null,
          null,
          null,
          null
        ]
      },
      "/home/lucas/Projetos/soat-fase-04/soat4-order-service/app/domain/cart/cart.rb": {
        "lines": [
          1,
          1,
          null,
          1,
          1,
          1,
          null,
          1,
          57,
          57,
          57,
          57,
          57,
          57,
          57,
          57,
          null,
          null,
          1,
          5,
          2,
          null,
          null,
          3,
          2,
          null,
          null,
          1,
          5,
          null,
          null,
          1,
          7,
          5,
          null,
          3,
          null,
          null,
          1,
          0,
          null,
          null,
          1,
          1,
          null,
          null,
          1,
          7,
          null,
          null,
          1,
          2,
          null,
          null,
          1,
          0,
          null,
          null,
          1,
          18,
          null,
          16,
          1,
          null,
          15,
          null,
          null,
          null,
          null,
          null,
          null,
          16,
          null,
          null,
          1,
          16,
          8,
          null,
          6,
          4,
          null,
          2,
          null,
          6,
          null,
          null,
          1,
          10,
          null,
          5,
          null,
          3,
          1,
          null,
          2,
          null,
          3,
          null,
          null,
          null,
          1,
          78,
          null,
          null,
          1,
          0,
          null,
          null,
          1,
          null,
          3,
          null,
          null,
          null,
          null,
          null,
          null,
          0,
          null,
          null,
          null,
          null,
          null,
          null,
          null,
          null,
          null,
          1,
          null,
          0,
          null,
          null,
          null,
          null,
          null,
          null,
          0,
          null,
          null,
          null,
          null,
          null,
          null,
          null,
          null,
          null,
          1,
          null,
          0,
          null,
          null,
          null,
          0,
          null,
          null,
          null,
          null,
          null,
          null,
          null,
          null,
          null,
          null
        ]
      },
      "/home/lucas/Projetos/soat-fase-04/soat4-order-service/app/domain/product/product.rb": {
        "lines": [
          1,
          1,
          null,
          1,
          43,
          43,
          43,
          43,
          43,
          43,
          null,
          null,
          1,
          2,
          null,
          null
        ]
      },
      "/home/lucas/Projetos/soat-fase-04/soat4-order-service/app/domain/use_cases/cart/add_product_to_cart.rb": {
        "lines": [
          1,
          1,
          2,
          2,
          null,
          null,
          1,
          2,
          null,
          1,
          1,
          null,
          1,
          0,
          null,
          null,
          1,
          1,
          null,
          1,
          null,
          null
        ]
      },
      "/home/lucas/Projetos/soat-fase-04/soat4-order-service/app/domain/use_cases/cart/checkout_cart.rb": {
        "lines": [
          1,
          1,
          3,
          null,
          null,
          1,
          3,
          1,
          null,
          1,
          null,
          2,
          null,
          null
        ]
      },
      "/home/lucas/Projetos/soat-fase-04/soat4-order-service/app/domain/use_cases/cart/generate_cart_payment.rb": {
        "lines": [
          1,
          1,
          3,
          3,
          null,
          null,
          1,
          3,
          2,
          null,
          1,
          1,
          0,
          null,
          1,
          1,
          null,
          1,
          null,
          null,
          null,
          null,
          null,
          null,
          null,
          2,
          null,
          null
        ]
      },
      "/home/lucas/Projetos/soat-fase-04/soat4-order-service/app/domain/use_cases/cart/get_or_create_client_cart.rb": {
        "lines": [
          1,
          1,
          2,
          null,
          null,
          1,
          2,
          1,
          null,
          1,
          null,
          null,
          0,
          null,
          null
        ]
      },
      "/home/lucas/Projetos/soat-fase-04/soat4-order-service/app/domain/use_cases/cart/list_checked_out_carts.rb": {
        "lines": [
          1,
          1,
          1,
          null,
          null,
          1,
          1,
          1,
          null,
          null
        ]
      },
      "/home/lucas/Projetos/soat-fase-04/soat4-order-service/app/domain/use_cases/cart/list_in_progress_carts.rb": {
        "lines": [
          1,
          1,
          1,
          null,
          null,
          1,
          1,
          1,
          null,
          null
        ]
      },
      "/home/lucas/Projetos/soat-fase-04/soat4-order-service/app/domain/use_cases/cart/remove_product_from_cart.rb": {
        "lines": [
          1,
          1,
          3,
          null,
          null,
          1,
          3,
          3,
          null,
          2,
          null,
          2,
          null,
          null
        ]
      },
      "/home/lucas/Projetos/soat-fase-04/soat4-order-service/app/domain/use_cases/cart/update_cart_payment_status.rb": {
        "lines": [
          1,
          1,
          3,
          null,
          null,
          1,
          3,
          3,
          null,
          2,
          1,
          1,
          null,
          1,
          null,
          2,
          2,
          null,
          2,
          null,
          1,
          null,
          null
        ]
      },
      "/home/lucas/Projetos/soat-fase-04/soat4-order-service/app/domain/use_cases/cart/update_cart_status.rb": {
        "lines": [
          1,
          1,
          3,
          null,
          null,
          1,
          3,
          3,
          null,
          3,
          null,
          null,
          2,
          null,
          2,
          2,
          null,
          2,
          null,
          1,
          null,
          null
        ]
      },
      "/home/lucas/Projetos/soat-fase-04/soat4-order-service/app/domain/use_cases/cart/update_product_quantity_in_cart.rb": {
        "lines": [
          1,
          1,
          3,
          null,
          null,
          1,
          3,
          null,
          2,
          2,
          1,
          null,
          1,
          null,
          null
        ]
      },
      "/home/lucas/Projetos/soat-fase-04/soat4-order-service/app/domain/use_cases/product/create_product.rb": {
        "lines": [
          1,
          1,
          1,
          null,
          null,
          1,
          1,
          1,
          1,
          null,
          null
        ]
      },
      "/home/lucas/Projetos/soat-fase-04/soat4-order-service/app/domain/use_cases/product/delete_product.rb": {
        "lines": [
          1,
          1,
          1,
          null,
          null,
          1,
          1,
          null,
          null
        ]
      },
      "/home/lucas/Projetos/soat-fase-04/soat4-order-service/app/domain/use_cases/product/find_product_by_id.rb": {
        "lines": [
          1,
          1,
          2,
          null,
          null,
          1,
          2,
          null,
          null
        ]
      },
      "/home/lucas/Projetos/soat-fase-04/soat4-order-service/app/domain/use_cases/product/find_products_by_category.rb": {
        "lines": [
          1,
          1,
          1,
          null,
          null,
          1,
          1,
          null,
          null
        ]
      },
      "/home/lucas/Projetos/soat-fase-04/soat4-order-service/app/domain/use_cases/product/update_product.rb": {
        "lines": [
          1,
          1,
          2,
          null,
          null,
          1,
          2,
          2,
          null,
          1,
          1,
          1,
          1,
          1,
          1,
          null,
          1,
          null,
          null
        ]
      },
      "/home/lucas/Projetos/soat-fase-04/soat4-order-service/app/infrastructure/messaging/rabbitmq_connection.rb": {
        "lines": [
          1,
          1,
          1,
          9,
          9,
          9,
          3,
          null,
          6,
          6,
          5,
          5,
          5,
          null,
          1,
          null,
          null,
          null,
          1,
          1,
          null,
          null
        ]
      },
      "/home/lucas/Projetos/soat-fase-04/soat4-order-service/app/infrastructure/messaging/rabbitmq_consumer.rb": {
        "lines": [
          1,
          1,
          null,
          1,
          5,
          5,
          5,
          5,
          5,
          null,
          null,
          1,
          0,
          0,
          0,
          0,
          null,
          null,
          0,
          0,
          null,
          null,
          1,
          null,
          1,
          5,
          4,
          4,
          4,
          4,
          4,
          4,
          null,
          4,
          1,
          1,
          3,
          1,
          1,
          2,
          1,
          1,
          null,
          1,
          null,
          null,
          1,
          null,
          null
        ]
      },
      "/home/lucas/Projetos/soat-fase-04/soat4-order-service/app/infrastructure/messaging/rabbitmq_publisher.rb": {
        "lines": [
          1,
          1,
          null,
          1,
          1,
          1,
          null,
          null,
          1,
          1,
          1,
          1,
          null,
          null
        ]
      },
      "/home/lucas/Projetos/soat-fase-04/soat4-order-service/app/infrastructure/persistence/active_record/carts/active_record_cart_repository.rb": {
        "lines": [
          1,
          1,
          null,
          1,
          2,
          1,
          1,
          1,
          1,
          null,
          1,
          null,
          null,
          2,
          1,
          1,
          null,
          null,
          2,
          null,
          0,
          null,
          null,
          1,
          2,
          2,
          2,
          2,
          null,
          null,
          1,
          0,
          0,
          null,
          0,
          null,
          null,
          1,
          1,
          1,
          1,
          1,
          1,
          1,
          null,
          1,
          1,
          null,
          1,
          1,
          null,
          1,
          0,
          null,
          1,
          null,
          null,
          null,
          null,
          null,
          1,
          1,
          1,
          null,
          null,
          1,
          1,
          null,
          null,
          1,
          0,
          0,
          null,
          null,
          1,
          0,
          0,
          null,
          null,
          1,
          null,
          1,
          4,
          4,
          0,
          null,
          null,
          null,
          null,
          null,
          null,
          null,
          null,
          4,
          null,
          null,
          null,
          null,
          null,
          null,
          null,
          null,
          null,
          null
        ]
      },
      "/home/lucas/Projetos/soat-fase-04/soat4-order-service/app/domain/ports/cart_repository.rb": {
        "lines": [
          1,
          1,
          0,
          null,
          null,
          1,
          0,
          null,
          null,
          1,
          0,
          null,
          null,
          1,
          0,
          null,
          null,
          1,
          0,
          null,
          null,
          1,
          0,
          null,
          null,
          1,
          0,
          null,
          null
        ]
      },
      "/home/lucas/Projetos/soat-fase-04/soat4-order-service/app/infrastructure/persistence/active_record/clients/active_record_client_repository.rb": {
        "lines": [
          1,
          1,
          2,
          2,
          2,
          2,
          null,
          2,
          null,
          2,
          2,
          null,
          null,
          1,
          null,
          2,
          1,
          1,
          1,
          null,
          null,
          null,
          1,
          2,
          2,
          1,
          null,
          null,
          null,
          null,
          null,
          1,
          2,
          null,
          2,
          1,
          null,
          null,
          null,
          null,
          null,
          null,
          null,
          null,
          null,
          null
        ]
      },
      "/home/lucas/Projetos/soat-fase-04/soat4-order-service/app/infrastructure/persistence/active_record/products/active_record_product_repository.rb": {
        "lines": [
          1,
          1,
          1,
          2,
          2,
          2,
          2,
          2,
          2,
          2,
          null,
          2,
          2,
          null,
          null,
          1,
          3,
          2,
          null,
          1,
          null,
          null,
          1,
          0,
          null,
          0,
          0,
          null,
          null,
          null,
          null,
          null,
          null,
          null,
          null,
          null,
          null,
          1,
          0,
          0,
          null,
          null,
          null,
          1,
          1,
          1,
          1,
          null,
          0,
          null,
          null
        ]
      },
      "/home/lucas/Projetos/soat-fase-04/soat4-order-service/app/domain/ports/product_repository.rb": {
        "lines": [
          1,
          1,
          0,
          null,
          null,
          1,
          0,
          null,
          null,
          1,
          0,
          null,
          null,
          1,
          0,
          null,
          null,
          1,
          0,
          null,
          null
        ]
      },
      "/home/lucas/Projetos/soat-fase-04/soat4-order-service/app/jobs/application_job.rb": {
        "lines": [
          1,
          null,
          null,
          null,
          null,
          null,
          null
        ]
      },
      "/home/lucas/Projetos/soat-fase-04/soat4-order-service/app/mailers/application_mailer.rb": {
        "lines": [
          1,
          1,
          1,
          null
        ]
      },
      "/home/lucas/Projetos/soat-fase-04/soat4-order-service/app/models/application_record.rb": {
        "lines": [
          1,
          1,
          null
        ]
      },
      "/home/lucas/Projetos/soat-fase-04/soat4-order-service/app/infrastructure/persistence/active_record/carts/cart_model.rb": {
        "lines": [
          1,
          1,
          null,
          1,
          1,
          1,
          null
        ]
      },
      "/home/lucas/Projetos/soat-fase-04/soat4-order-service/app/infrastructure/persistence/active_record/clients/client_model.rb": {
        "lines": [
          1,
          1,
          null,
          1,
          1,
          null
        ]
      },
      "/home/lucas/Projetos/soat-fase-04/soat4-order-service/app/infrastructure/persistence/active_record/products/product_model.rb": {
        "lines": [
          1,
          1,
          null,
          1,
          1,
          1,
          null
        ]
      },
      "/home/lucas/Projetos/soat-fase-04/soat4-order-service/app/infrastructure/persistence/active_record/carts/cart_item_model.rb": {
        "lines": [
          1,
          1,
          null,
          1,
          1,
          null,
          1,
          null
        ]
      },
      "/home/lucas/Projetos/soat-fase-04/soat4-order-service/app/controllers/api/v1/carts_controller.rb": {
        "lines": [
          1,
          null,
          1,
          1,
          null,
          1,
          2,
          null,
          null,
          null,
          null,
          2,
          2,
          null,
          2,
          null,
          null,
          null,
          null,
          null,
          null,
          1,
          1,
          1,
          null,
          0,
          0,
          null,
          null,
          null,
          1,
          1,
          null,
          null,
          1,
          2,
          null,
          1,
          null,
          1,
          null,
          null,
          null,
          1,
          1,
          1,
          1,
          null,
          null,
          0,
          null,
          null,
          1,
          2,
          null,
          1,
          null,
          null,
          null,
          null,
          1,
          null,
          null,
          null,
          null,
          null,
          null,
          1,
          0,
          0,
          null,
          0,
          0,
          null,
          null,
          null,
          1,
          3,
          1,
          1,
          null,
          null,
          2,
          null,
          null,
          null,
          null,
          2,
          null,
          null,
          null,
          null,
          null,
          null,
          1,
          1,
          0,
          null,
          1,
          1,
          null,
          null,
          null,
          1,
          1,
          null,
          null,
          null,
          null,
          1,
          null,
          1,
          0,
          0,
          0,
          null,
          null,
          null,
          1,
          1,
          null,
          null,
          null,
          null,
          1,
          1,
          0,
          0,
          0,
          null,
          null,
          null,
          1,
          2,
          2,
          null,
          2,
          null,
          null,
          null,
          null,
          2,
          null,
          null,
          null,
          null,
          1,
          1,
          1,
          null,
          1,
          null,
          0,
          null,
          0,
          null,
          null,
          0,
          0,
          null,
          null,
          null,
          1,
          null,
          1,
          15,
          15,
          15,
          null,
          null,
          null,
          null,
          15,
          15,
          15,
          0,
          0,
          null,
          0,
          0,
          null,
          null,
          null,
          1,
          57,
          null,
          null
        ]
      },
      "/home/lucas/Projetos/soat-fase-04/soat4-order-service/app/controllers/api/v1/products_controller.rb": {
        "lines": [
          1,
          1,
          1,
          2,
          null,
          null,
          2,
          1,
          1,
          1,
          null,
          null,
          null,
          1,
          2,
          null,
          null,
          null,
          null,
          2,
          1,
          1,
          1,
          null,
          0,
          null,
          null,
          null,
          1,
          2,
          null,
          null,
          null,
          null,
          2,
          null,
          2,
          1,
          null,
          1,
          null,
          0,
          0,
          null,
          null,
          null,
          1,
          2,
          null,
          null,
          null,
          null,
          2,
          null,
          2,
          1,
          null,
          1,
          null,
          0,
          0,
          null,
          null,
          null,
          1,
          2,
          null,
          null,
          null,
          null,
          2,
          null,
          2,
          1,
          null,
          1,
          null,
          0,
          0,
          null,
          0,
          null,
          null,
          null,
          1,
          null,
          1,
          13,
          null,
          null
        ]
      },
      "/home/lucas/Projetos/soat-fase-04/soat4-order-service/app/channels/application_cable/channel.rb": {
        "lines": [
          0,
          0,
          0,
          0
        ],
        "branches": {
        }
      },
      "/home/lucas/Projetos/soat-fase-04/soat4-order-service/app/channels/application_cable/connection.rb": {
        "lines": [
          0,
          0,
          0,
          0
        ],
        "branches": {
        }
      },
      "/home/lucas/Projetos/soat-fase-04/soat4-order-service/app/controllers/application_controller.rb": {
        "lines": [
          0,
          0
        ],
        "branches": {
        }
      },
      "/home/lucas/Projetos/soat-fase-04/soat4-order-service/app/workers/start_pagamento_consumer.rb": {
        "lines": [
          0
        ],
        "branches": {
        }
      }
    },
    "timestamp": 1765989434
  }
}
